\BOOKMARK [1][-]{section.1}{\376\377\000A\000b\000s\000t\000r\000a\000c\000t}{}% 1
\BOOKMARK [1][-]{section.2}{\376\377\000M\000o\000t\000i\000v\000a\000t\000i\000o\000n\000\040\000a\000n\000d\000\040\000R\000a\000t\000i\000o\000n\000a\000l\000e}{}% 2
\BOOKMARK [2][-]{subsection.2.1}{\376\377\000P\000r\000o\000b\000l\000e\000m\000\040\000S\000t\000a\000t\000e\000m\000e\000n\000t}{section.2}% 3
\BOOKMARK [2][-]{subsection.2.2}{\376\377\000P\000r\000e\000c\000e\000d\000e\000n\000t\000:\000\040\000H\000D\000F\0005\000\040\000L\000i\000b\000r\000a\000r\000y\000\040\000V\000e\000r\000s\000i\000o\000n\000\040\000B\000o\000u\000n\000d\000s}{section.2}% 4
\BOOKMARK [1][-]{section.3}{\376\377\000D\000e\000t\000a\000i\000l\000e\000d\000\040\000D\000e\000s\000c\000r\000i\000p\000t\000i\000o\000n}{}% 5
\BOOKMARK [2][-]{subsection.3.1}{\376\377\000D\000e\000s\000i\000g\000n\000\040\000O\000v\000e\000r\000v\000i\000e\000w}{section.3}% 6
\BOOKMARK [2][-]{subsection.3.2}{\376\377\000F\000i\000l\000e\000\040\000F\000o\000r\000m\000a\000t\000\040\000A\000l\000t\000e\000r\000n\000a\000t\000i\000v\000e\000s}{section.3}% 7
\BOOKMARK [3][-]{subsubsection.3.2.1}{\376\377\000A\000l\000t\000e\000r\000n\000a\000t\000i\000v\000e\000\040\000A\000:\000\040\000O\000v\000e\000r\000l\000o\000a\000d\000\040\000C\000G\000N\000S\000L\000i\000b\000r\000a\000r\000y\000V\000e\000r\000s\000i\000o\000n\000\137\000t}{subsection.3.2}% 8
\BOOKMARK [3][-]{subsubsection.3.2.2}{\376\377\000A\000l\000t\000e\000r\000n\000a\000t\000i\000v\000e\000\040\000B\000:\000\040\000N\000e\000w\000\040\000C\000G\000N\000S\000M\000i\000n\000R\000e\000q\000u\000i\000r\000e\000d\000V\000e\000r\000s\000i\000o\000n\000\137\000t\000\040\000n\000o\000d\000e\000\040\000\050\000r\000e\000c\000o\000m\000m\000e\000n\000d\000e\000d\000\051}{subsection.3.2}% 9
\BOOKMARK [3][-]{subsubsection.3.2.3}{\376\377\000C\000o\000m\000p\000a\000r\000i\000s\000o\000n}{subsection.3.2}% 10
\BOOKMARK [3][-]{subsubsection.3.2.4}{\376\377\000A\000l\000t\000e\000r\000n\000a\000t\000i\000v\000e\000\040\000B\000:\000\040\000N\000o\000d\000e\000\040\000P\000l\000a\000c\000e\000m\000e\000n\000t\040\024\000R\000o\000o\000t\000\040\000S\000i\000b\000l\000i\000n\000g\000\040\000v\000s\000.\000\040\000C\000h\000i\000l\000d\000\040\000o\000f\000\040\000C\000G\000N\000S\000L\000i\000b\000r\000a\000r\000y\000V\000e\000r\000s\000i\000o\000n\000\137\000t}{subsection.3.2}% 11
\BOOKMARK [2][-]{subsection.3.3}{\376\377\000V\000e\000r\000s\000i\000o\000n\000\040\000C\000o\000n\000s\000t\000a\000n\000t\000s\000:\000\040\000C\000G\000\137\000L\000I\000B\000V\000E\000R\000\137\000*}{section.3}% 12
\BOOKMARK [2][-]{subsection.3.4}{\376\377\000N\000e\000w\000\040\000M\000L\000L\000\040\000F\000u\000n\000c\000t\000i\000o\000n\000s}{section.3}% 13
\BOOKMARK [3][-]{subsubsection.3.4.1}{\376\377\000G\000l\000o\000b\000a\000l\000\040\000B\000o\000u\000n\000d\000s\000\040\000v\000i\000a\000\040\000c\000g\000\137\000c\000o\000n\000f\000i\000g\000u\000r\000e}{subsection.3.4}% 14
\BOOKMARK [3][-]{subsubsection.3.4.2}{\376\377\000L\000i\000b\000r\000a\000r\000y\000\040\000V\000e\000r\000s\000i\000o\000n\000\040\000B\000o\000u\000n\000d\000s\000\040\000F\000u\000n\000c\000t\000i\000o\000n\000s}{subsection.3.4}% 15
\BOOKMARK [3][-]{subsubsection.3.4.3}{\376\377\000P\000a\000r\000a\000m\000e\000t\000e\000r\000\040\000O\000b\000j\000e\000c\000t\000\040\000A\000P\000I}{subsection.3.4}% 16
\BOOKMARK [2][-]{subsection.3.5}{\376\377\000M\000o\000d\000i\000f\000i\000e\000d\000\040\000c\000g\000\137\000o\000p\000e\000n\000\040\000B\000e\000h\000a\000v\000i\000o\000r}{section.3}% 17
\BOOKMARK [2][-]{subsection.3.6}{\376\377\000W\000r\000i\000t\000e\000-\000M\000o\000d\000e\000\040\000V\000e\000r\000s\000i\000o\000n\000\040\000S\000e\000l\000e\000c\000t\000i\000o\000n}{section.3}% 18
\BOOKMARK [2][-]{subsection.3.7}{\376\377\000F\000e\000a\000t\000u\000r\000e\000-\000V\000e\000r\000s\000i\000o\000n\000\040\000R\000e\000g\000i\000s\000t\000r\000y}{section.3}% 19
\BOOKMARK [2][-]{subsection.3.8}{\376\377\000E\000l\000i\000m\000i\000n\000a\000t\000i\000n\000g\000\040\000t\000h\000e\000\040\000O\000\050\000N\000\051\000\040\000F\000e\000a\000t\000u\000r\000e\000\040\000S\000c\000a\000n}{section.3}% 20
\BOOKMARK [3][-]{subsubsection.3.8.1}{\376\377\000S\000p\000e\000c\000i\000f\000i\000c\000a\000t\000i\000o\000n}{subsection.3.8}% 21
\BOOKMARK [3][-]{subsubsection.3.8.2}{\376\377\000O\000p\000e\000n\000-\000t\000i\000m\000e\000\040\000u\000s\000e}{subsection.3.8}% 22
\BOOKMARK [3][-]{subsubsection.3.8.3}{\376\377\000M\000a\000i\000n\000t\000e\000n\000a\000n\000c\000e}{subsection.3.8}% 23
\BOOKMARK [2][-]{subsection.3.9}{\376\377\000S\000I\000D\000S\000\040\000I\000m\000p\000a\000c\000t}{section.3}% 24
\BOOKMARK [2][-]{subsection.3.10}{\376\377\000F\000i\000l\000e\000\040\000M\000a\000p\000p\000i\000n\000g\000\040\000I\000m\000p\000a\000c\000t}{section.3}% 25
\BOOKMARK [1][-]{section.4}{\376\377\000B\000a\000c\000k\000w\000a\000r\000d\000\040\000C\000o\000m\000p\000a\000t\000i\000b\000i\000l\000i\000t\000y}{}% 26
\BOOKMARK [1][-]{section.5}{\376\377\000F\000o\000r\000t\000r\000a\000n\000\040\000B\000i\000n\000d\000i\000n\000g\000s}{}% 27
\BOOKMARK [1][-]{section.6}{\376\377\000E\000x\000a\000m\000p\000l\000e\000s}{}% 28
\BOOKMARK [2][-]{subsection.6.1}{\376\377\000E\000x\000a\000m\000p\000l\000e\000\040\0001\000:\000\040\000D\000e\000f\000a\000u\000l\000t\000\040\000B\000e\000h\000a\000v\000i\000o\000r\000\040\000\050\000N\000o\000\040\000A\000P\000I\000\040\000C\000a\000l\000l\000\051}{section.6}% 29
\BOOKMARK [2][-]{subsection.6.2}{\376\377\000E\000x\000a\000m\000p\000l\000e\000\040\0002\000:\000\040\000R\000e\000s\000t\000r\000i\000c\000t\000i\000n\000g\000\040\000t\000o\000\040\000a\000\040\000K\000n\000o\000w\000n\000-\000C\000o\000m\000p\000a\000t\000i\000b\000l\000e\000\040\000R\000a\000n\000g\000e}{section.6}% 30
\BOOKMARK [2][-]{subsection.6.3}{\376\377\000E\000x\000a\000m\000p\000l\000e\000\040\0003\000:\000\040\000T\000h\000r\000e\000a\000d\000-\000S\000a\000f\000e\000\040\000P\000e\000r\000-\000F\000i\000l\000e\000\040\000C\000o\000n\000f\000i\000g\000u\000r\000a\000t\000i\000o\000n}{section.6}% 31
\BOOKMARK [2][-]{subsection.6.4}{\376\377\000E\000x\000a\000m\000p\000l\000e\000\040\0004\000:\000\040\000A\000n\000a\000l\000y\000z\000i\000n\000g\000\040\000M\000i\000n\000i\000m\000u\000m\000\040\000R\000e\000q\000u\000i\000r\000e\000d\000\040\000V\000e\000r\000s\000i\000o\000n}{section.6}% 32
\BOOKMARK [2][-]{subsection.6.5}{\376\377\000E\000x\000a\000m\000p\000l\000e\000\040\0005\000:\000\040\000U\000s\000i\000n\000g\000\040\000c\000g\000\137\000c\000o\000n\000f\000i\000g\000u\000r\000e}{section.6}% 33
\BOOKMARK [2][-]{subsection.6.6}{\376\377\000E\000x\000a\000m\000p\000l\000e\000\040\0006\000:\000\040\000F\000o\000r\000t\000r\000a\000n\000\040\000U\000s\000a\000g\000e}{section.6}% 34
\BOOKMARK [2][-]{subsection.6.7}{\376\377\000E\000x\000a\000m\000p\000l\000e\000\040\0007\000:\000\040\000D\000e\000t\000e\000c\000t\000i\000n\000g\000\040\000I\000n\000c\000o\000m\000p\000a\000t\000i\000b\000l\000e\000\040\000F\000e\000a\000t\000u\000r\000e\000s}{section.6}% 35
\BOOKMARK [1][-]{section.7}{\376\377\000R\000e\000f\000e\000r\000e\000n\000c\000e\000\040\000I\000m\000p\000l\000e\000m\000e\000n\000t\000a\000t\000i\000o\000n}{}% 36
\BOOKMARK [1][-]{section.8}{\376\377\000E\000d\000g\000e\000\040\000C\000a\000s\000e\000s\000\040\000a\000n\000d\000\040\000L\000i\000m\000i\000t\000a\000t\000i\000o\000n\000s}{}% 37
\BOOKMARK [2][-]{subsection.8.1}{\376\377\000E\000x\000t\000e\000r\000n\000a\000l\000\040\000L\000i\000n\000k\000s}{section.8}% 38
\BOOKMARK [2][-]{subsection.8.2}{\376\377\000V\000e\000r\000s\000i\000o\000n\000\040\000D\000o\000w\000n\000g\000r\000a\000d\000e\000s\000\040\000o\000n\000\040\000N\000o\000d\000e\000\040\000D\000e\000l\000e\000t\000i\000o\000n}{section.8}% 39
\BOOKMARK [2][-]{subsection.8.3}{\376\377\000P\000a\000r\000t\000i\000a\000l\000\040\000P\000a\000r\000a\000l\000l\000e\000l\000\040\000W\000r\000i\000t\000e\000s\000\040\000a\000n\000d\000\040\000V\000e\000r\000s\000i\000o\000n\000\040\000A\000g\000r\000e\000e\000m\000e\000n\000t}{section.8}% 40
\BOOKMARK [1][-]{section.9}{\376\377\000O\000p\000e\000n\000\040\000Q\000u\000e\000s\000t\000i\000o\000n\000s}{}% 41
\BOOKMARK [1][-]{section.10}{\376\377\000S\000u\000m\000m\000a\000r\000y\000\040\000o\000f\000\040\000A\000P\000I\000\040\000A\000d\000d\000i\000t\000i\000o\000n\000s}{}% 42
\BOOKMARK [1][-]{section.11}{\376\377\000R\000e\000f\000e\000r\000e\000n\000c\000e\000s}{}% 43
